Determining if the include file alsa/asoundlib.h exists failed with the following output:
Change Dir: /home/vitcou/k2/sherpa-onnx/build/CMakeFiles/CMakeTmp

Run Build Command(s):/usr/bin/gmake -f Makefile cmTC_105a2/fast && /usr/bin/gmake  -f CMakeFiles/cmTC_105a2.dir/build.make CMakeFiles/cmTC_105a2.dir/build
gmake[1]: Entering directory '/home/vitcou/k2/sherpa-onnx/build/CMakeFiles/CMakeTmp'
Building CXX object CMakeFiles/cmTC_105a2.dir/CheckIncludeFile.cxx.o
/usr/bin/c++   -std=c++14 -o CMakeFiles/cmTC_105a2.dir/CheckIncludeFile.cxx.o -c /home/vitcou/k2/sherpa-onnx/build/CMakeFiles/CMakeTmp/CheckIncludeFile.cxx
/home/vitcou/k2/sherpa-onnx/build/CMakeFiles/CMakeTmp/CheckIncludeFile.cxx:1:10: fatal error: alsa/asoundlib.h: No such file or directory
    1 | #include <alsa/asoundlib.h>
      |          ^~~~~~~~~~~~~~~~~~
compilation terminated.
gmake[1]: *** [CMakeFiles/cmTC_105a2.dir/build.make:78: CMakeFiles/cmTC_105a2.dir/CheckIncludeFile.cxx.o] Error 1
gmake[1]: Leaving directory '/home/vitcou/k2/sherpa-onnx/build/CMakeFiles/CMakeTmp'
gmake: *** [Makefile:127: cmTC_105a2/fast] Error 2



Determining if the include file alsa/asoundlib.h exists failed with the following output:
Change Dir: /home/vitcou/k2/sherpa-onnx/build/CMakeFiles/CMakeTmp

Run Build Command(s):/usr/bin/gmake -f Makefile cmTC_c1985/fast && /usr/bin/gmake  -f CMakeFiles/cmTC_c1985.dir/build.make CMakeFiles/cmTC_c1985.dir/build
gmake[1]: Entering directory '/home/vitcou/k2/sherpa-onnx/build/CMakeFiles/CMakeTmp'
Building CXX object CMakeFiles/cmTC_c1985.dir/CheckIncludeFile.cxx.o
/usr/bin/c++   -std=c++14 -o CMakeFiles/cmTC_c1985.dir/CheckIncludeFile.cxx.o -c /home/vitcou/k2/sherpa-onnx/build/CMakeFiles/CMakeTmp/CheckIncludeFile.cxx
/home/vitcou/k2/sherpa-onnx/build/CMakeFiles/CMakeTmp/CheckIncludeFile.cxx:1:10: fatal error: alsa/asoundlib.h: No such file or directory
    1 | #include <alsa/asoundlib.h>
      |          ^~~~~~~~~~~~~~~~~~
compilation terminated.
gmake[1]: *** [CMakeFiles/cmTC_c1985.dir/build.make:78: CMakeFiles/cmTC_c1985.dir/CheckIncludeFile.cxx.o] Error 1
gmake[1]: Leaving directory '/home/vitcou/k2/sherpa-onnx/build/CMakeFiles/CMakeTmp'
gmake: *** [Makefile:127: cmTC_c1985/fast] Error 2



